18:21:19 INFO  : Launching XSCT server: xsct.bat -n  -interactive D:\proyectosep2\IEE2463-SEP-Proyecto-2-Z8\vitis\temp_xsdb_launch_script.tcl
18:21:19 INFO  : Registering command handlers for Vitis TCF services
18:21:21 INFO  : Platform repository initialization has completed.
18:21:21 INFO  : XSCT server has started successfully.
18:21:21 INFO  : plnx-install-location is set to ''
18:21:21 INFO  : Successfully done setting XSCT server connection channel  
18:21:21 INFO  : Successfully done setting workspace for the tool. 
18:21:21 INFO  : Successfully done query RDI_DATADIR 
18:23:18 INFO  : Result from executing command 'getProjects': booter
18:23:18 INFO  : Result from executing command 'getPlatforms': 
18:23:55 INFO  : Result from executing command 'getProjects': booter
18:23:55 INFO  : Result from executing command 'getPlatforms': booter|D:/proyectosep2/IEE2463-SEP-Proyecto-2-Z8/vitis/booter/export/booter/booter.xpfm
18:26:17 INFO  : Invoking Bootgen: bootgen -image output.bif -arch zynq -o D:/proyectosep2/IEE2463-SEP-Proyecto-2-Z8/vitis/BOOT.bin
18:26:17 INFO  : Creating new bif file D:\proyectosep2\IEE2463-SEP-Proyecto-2-Z8\vitis\output.bif
18:26:18 INFO  : Bootgen command execution is done.
18:26:45 ERROR : Could not get the saved dialog settings. null
18:27:25 INFO  : Checking for BSP changes to sync application flags for project 'bootersw'...
18:48:57 INFO  : Launching XSCT server: xsct.bat -n  -interactive D:\proyectosep2\IEE2463-SEP-Proyecto-2-Z8\vitis\temp_xsdb_launch_script.tcl
18:48:59 INFO  : XSCT server has started successfully.
18:48:59 INFO  : Successfully done setting XSCT server connection channel  
18:48:59 INFO  : plnx-install-location is set to ''
18:48:59 INFO  : Successfully done setting workspace for the tool. 
18:48:59 INFO  : Platform repository initialization has completed.
18:49:00 INFO  : Registering command handlers for Vitis TCF services
18:49:00 INFO  : Successfully done query RDI_DATADIR 
18:51:03 INFO  : Invoking Bootgen: bootgen -image output.bif -arch zynq -o D:/proyectosep2/IEE2463-SEP-Proyecto-2-Z8/vitis/BOOT.bin -w on
18:51:03 INFO  : Overwriting existing bif file D:\proyectosep2\IEE2463-SEP-Proyecto-2-Z8\vitis\output.bif
18:51:04 INFO  : Bootgen command execution is done.
14:04:58 INFO  : Launching XSCT server: xsct.bat -n  -interactive C:\Users\andre\Projects\IEE2463-SEP-Proyecto-2-Z8\vitis\temp_xsdb_launch_script.tcl
14:05:01 INFO  : XSCT server has started successfully.
14:05:01 INFO  : plnx-install-location is set to ''
14:05:01 INFO  : Successfully done setting XSCT server connection channel  
14:05:01 INFO  : Successfully done setting workspace for the tool. 
14:05:03 ERROR : Error encountered while initializing user repository paths
Reason: No Platforms Found.


14:05:03 INFO  : Platform repository initialization has completed.
14:05:05 INFO  : Registering command handlers for Vitis TCF services
14:05:05 INFO  : Successfully done query RDI_DATADIR 
14:06:27 INFO  : Result from executing command 'getProjects': booter;ps_2
14:06:27 INFO  : Result from executing command 'getPlatforms': 
14:10:46 INFO  : Result from executing command 'getProjects': booter;ps_2
14:10:46 INFO  : Result from executing command 'getPlatforms': ps_2|C:/Users/andre/Projects/IEE2463-SEP-Proyecto-2-Z8/vitis/ps_2/export/ps_2/ps_2.xpfm
22:06:51 INFO  : Launching XSCT server: xsct.bat -n  -interactive C:\Users\andre\Projects\IEE2463-SEP-Proyecto-2-Z8\vitis\temp_xsdb_launch_script.tcl
22:07:02 INFO  : XSCT server has started successfully.
22:07:02 INFO  : plnx-install-location is set to ''
22:07:02 INFO  : Successfully done setting XSCT server connection channel  
22:07:02 INFO  : Successfully done setting workspace for the tool. 
22:07:22 INFO  : Platform repository initialization has completed.
22:07:23 INFO  : Registering command handlers for Vitis TCF services
22:07:37 INFO  : Successfully done query RDI_DATADIR 
23:29:23 INFO  : Checking for BSP changes to sync application flags for project 'ps_sw'...
23:29:44 ERROR : (XSDB Server)ERROR: [Hsi 55-1571] The design file C:/Users/andre/Projects/IEE2463-SEP-Proyecto-2-Z8/vitis/ps_2/export/ps_2/hw/design_1_wrapper.xsa is already opened

23:31:09 INFO  : Checking for BSP changes to sync application flags for project 'ps_sw'...
23:31:18 ERROR : (XSDB Server)ERROR: [Hsi 55-1571] The design file C:/Users/andre/Projects/IEE2463-SEP-Proyecto-2-Z8/vitis/ps_2/export/ps_2/hw/design_1_wrapper.xsa is already opened

23:33:13 INFO  : Checking for BSP changes to sync application flags for project 'ps_sw'...
23:33:17 ERROR : (XSDB Server)ERROR: [Hsi 55-1571] The design file C:/Users/andre/Projects/IEE2463-SEP-Proyecto-2-Z8/vitis/ps_2/export/ps_2/hw/design_1_wrapper.xsa is already opened

23:35:24 INFO  : Checking for BSP changes to sync application flags for project 'ps_sw'...
23:35:30 ERROR : (XSDB Server)ERROR: [Hsi 55-1571] The design file C:/Users/andre/Projects/IEE2463-SEP-Proyecto-2-Z8/vitis/ps_2/export/ps_2/hw/design_1_wrapper.xsa is already opened

