Copyright 1986-2020 Xilinx, Inc. All Rights Reserved.
------------------------------------------------------------------------------------
| Tool Version : Vivado v.2020.1 (win64) Build 2902540 Wed May 27 19:54:49 MDT 2020
| Date         : Wed May 14 09:24:42 2025
| Host         : AndresP running 64-bit major release  (build 9200)
| Command      : upgrade_ip
| Device       : xc7z010clg400-1
------------------------------------------------------------------------------------

Upgrade Log for IP 'design_1_audio_reader_0_0'

1. Summary
----------

SUCCESS in the upgrade of design_1_audio_reader_0_0 (xilinx.com:user:audio_reader:1.0) from (Rev. 4) to (Rev. 5)






Copyright 1986-2020 Xilinx, Inc. All Rights Reserved.
------------------------------------------------------------------------------------
| Tool Version : Vivado v.2020.1 (win64) Build 2902540 Wed May 27 19:54:49 MDT 2020
| Date         : Sun May 11 23:04:05 2025
| Host         : Ro running 64-bit major release  (build 9200)
| Command      : upgrade_ip
| Device       : xc7z010clg400-1
------------------------------------------------------------------------------------

Upgrade Log for IP 'design_1_audio_reader_0_0'

1. Summary
----------

SUCCESS in the upgrade of design_1_audio_reader_0_0 (xilinx.com:user:audio_reader:1.0) from (Rev. 3) to (Rev. 4)






Copyright 1986-2020 Xilinx, Inc. All Rights Reserved.
------------------------------------------------------------------------------------
| Tool Version : Vivado v.2020.1 (win64) Build 2902540 Wed May 27 19:54:49 MDT 2020
| Date         : Sun May 11 22:43:29 2025
| Host         : Ro running 64-bit major release  (build 9200)
| Command      : upgrade_ip
| Device       : xc7z010clg400-1
------------------------------------------------------------------------------------

Upgrade Log for IP 'design_1_audio_reader_0_0'

1. Summary
----------

SUCCESS in the upgrade of design_1_audio_reader_0_0 (xilinx.com:user:audio_reader:1.0) from (Rev. 2) to (Rev. 3)

