#-----------------------------------------------------------
# Vivado v2020.1 (64-bit)
# SW Build 2902540 on Wed May 27 19:54:49 MDT 2020
# IP Build 2902112 on Wed May 27 22:43:36 MDT 2020
# Start of session at: Sat May 17 18:09:44 2025
# Process ID: 19900
# Current directory: D:/proyectosep2/IEE2463-SEP-Proyecto-2-Z8/project_1
# Command line: vivado.exe -gui_launcher_event rodinguilauncherevent15448 D:\proyectosep2\IEE2463-SEP-Proyecto-2-Z8\project_1\tmp_edit_project.xpr
# Log file: D:/proyectosep2/IEE2463-SEP-Proyecto-2-Z8/project_1/vivado.log
# Journal file: D:/proyectosep2/IEE2463-SEP-Proyecto-2-Z8/project_1\vivado.jou
#-----------------------------------------------------------
start_gui
open_project D:/proyectosep2/IEE2463-SEP-Proyecto-2-Z8/project_1/tmp_edit_project.xpr
INFO: [Project 1-313] Project file moved from 'D:/proyectosep2/project_1' since last save.
Scanning sources...
Finished scanning sources
WARNING: [filemgmt 56-2] Default IP Output Path : Could not find the directory 'D:/proyectosep2/IEE2463-SEP-Proyecto-2-Z8/project_1/tmp_edit_project.srcs/sources_1', nor could it be found using path 'D:/proyectosep2/project_1/tmp_edit_project.srcs/sources_1'.
WARNING: [filemgmt 56-2] IPUserFilesDir: Could not find the directory 'D:/proyectosep2/IEE2463-SEP-Proyecto-2-Z8/project_1/tmp_edit_project.ip_user_files', nor could it be found using path 'D:/proyectosep2/project_1/tmp_edit_project.ip_user_files'.
INFO: [IP_Flow 19-234] Refreshing IP repositories
INFO: [IP_Flow 19-1700] Loaded user IP repository 'd:/proyectosep2/IEE2463-SEP-Proyecto-2-Z8/project_1'.
INFO: [IP_Flow 19-2313] Loaded Vivado IP repository 'D:/Xilinx/Vivado/2020.1/data/ip'.
open_project: Time (s): cpu = 00:00:14 ; elapsed = 00:00:08 . Memory (MB): peak = 1080.039 ; gain = 0.000
update_compile_order -fileset sources_1
ipx::open_ipxact_file {D:\proyectosep2\IEE2463-SEP-Proyecto-2-Z8\project_1\component.xml}
WARNING: [IP_Flow 19-5226] Project source file 'd:/proyectosep2/IEE2463-SEP-Proyecto-2-Z8/project_1/component.xml' ignored by IP packager.
WARNING: [IP_Flow 19-3898] File Group 'xilinx_anylanguagesynthesis (Synthesis)': File 'd:/proyectosep2/IEE2463-SEP-Proyecto-2-Z8/project_1/project_1.srcs/sources_1/new/pwm.vhd' is not found in the project sources. It will be removed from the packaged IP when the sources are merged. If still required, please add this file to the project and re-package.
WARNING: [IP_Flow 19-3898] File Group 'xilinx_anylanguagesynthesis (Synthesis)': File 'd:/proyectosep2/IEE2463-SEP-Proyecto-2-Z8/project_1/project_1.srcs/sources_1/new/audio_reader.vhd' is not found in the project sources. It will be removed from the packaged IP when the sources are merged. If still required, please add this file to the project and re-package.
WARNING: [IP_Flow 19-3898] File Group 'xilinx_anylanguagebehavioralsimulation (Simulation)': File 'd:/proyectosep2/IEE2463-SEP-Proyecto-2-Z8/project_1/project_1.srcs/sources_1/new/pwm.vhd' is not found in the project sources. It will be removed from the packaged IP when the sources are merged. If still required, please add this file to the project and re-package.
WARNING: [IP_Flow 19-3898] File Group 'xilinx_anylanguagebehavioralsimulation (Simulation)': File 'd:/proyectosep2/IEE2463-SEP-Proyecto-2-Z8/project_1/project_1.srcs/sources_1/new/audio_reader.vhd' is not found in the project sources. It will be removed from the packaged IP when the sources are merged. If still required, please add this file to the project and re-package.
ipx::merge_project_changes ports [ipx::current_core]
WARNING: [IP_Flow 19-5226] Project source file 'd:/proyectosep2/IEE2463-SEP-Proyecto-2-Z8/project_1/component.xml' ignored by IP packager.
set_property core_revision 9 [ipx::current_core]
ipx::create_xgui_files [ipx::current_core]
ipx::update_checksums [ipx::current_core]
ipx::save_core [ipx::current_core]
update_ip_catalog -rebuild -repo_path d:/proyectosep2/IEE2463-SEP-Proyecto-2-Z8/project_1
INFO: [IP_Flow 19-725] Reloaded user IP repository 'd:/proyectosep2/IEE2463-SEP-Proyecto-2-Z8/project_1'
exit
INFO: [Common 17-206] Exiting Vivado at Sat May 17 18:14:54 2025...
