#-----------------------------------------------------------
# Vivado v2020.1 (64-bit)
# SW Build 2902540 on Wed May 27 19:54:49 MDT 2020
# IP Build 2902112 on Wed May 27 22:43:36 MDT 2020
# Start of session at: Sat May 17 18:14:56 2025
# Process ID: 20088
# Current directory: D:/proyectosep2/IEE2463-SEP-Proyecto-2-Z8/project_1
# Command line: vivado.exe -gui_launcher_event rodinguilauncherevent18868 D:\proyectosep2\IEE2463-SEP-Proyecto-2-Z8\project_1\project_1.xpr
# Log file: D:/proyectosep2/IEE2463-SEP-Proyecto-2-Z8/project_1/vivado.log
# Journal file: D:/proyectosep2/IEE2463-SEP-Proyecto-2-Z8/project_1\vivado.jou
#-----------------------------------------------------------
start_gui
open_project D:/proyectosep2/IEE2463-SEP-Proyecto-2-Z8/project_1/project_1.xpr
Scanning sources...
Finished scanning sources
INFO: [IP_Flow 19-234] Refreshing IP repositories
INFO: [IP_Flow 19-1700] Loaded user IP repository 'd:/proyectosep2/IEE2463-SEP-Proyecto-2-Z8/project_1'.
INFO: [IP_Flow 19-2313] Loaded Vivado IP repository 'D:/Xilinx/Vivado/2020.1/data/ip'.
WARNING: [BD 41-1661] One or more IPs have been locked in the design 'design_1.bd'. Please run report_ip_status for more details and recommendations on how to fix this issue.
List of locked IPs:
design_1_audio_reader_0_0

open_project: Time (s): cpu = 00:00:12 ; elapsed = 00:00:06 . Memory (MB): peak = 1073.109 ; gain = 0.000
update_compile_order -fileset sources_1
open_bd_design {D:/proyectosep2/IEE2463-SEP-Proyecto-2-Z8/project_1/project_1.srcs/sources_1/bd/design_1/design_1.bd}
Adding component instance block -- xilinx.com:ip:blk_mem_gen:8.4 - blk_mem_gen_0
Adding component instance block -- xilinx.com:ip:clk_wiz:6.0 - clk_wiz_0
Adding component instance block -- xilinx.com:ip:ila:6.2 - ila_0
INFO: [xilinx.com:ip:ila:6.2-6] /ila_0: Xilinx recommends using the System ILA IP in IP Integrator. The System ILA IP is functionally equivalent to an ILA and offers additional benefits in debugging interfaces both within IP Integrator and the Hardware Manager. Consult the Programming and Debug User Guide UG908 for further details.
Adding component instance block -- xilinx.com:ip:vio:3.0 - vio_0
Adding component instance block -- xilinx.com:ip:processing_system7:5.5 - processing_system7_0
WARNING: [BD 41-176] The physical port 'S_AXI_GP2_rd_socket' specified in the portmap, is not found on the block! 
WARNING: [BD 41-176] The physical port 'S_AXI_GP2_wr_socket' specified in the portmap, is not found on the block! 
WARNING: [BD 41-176] The physical port 'S_AXI_GP3_rd_socket' specified in the portmap, is not found on the block! 
WARNING: [BD 41-176] The physical port 'S_AXI_GP3_wr_socket' specified in the portmap, is not found on the block! 
Adding component instance block -- xilinx.com:user:audio_reader:1.0 - audio_reader_0
Successfully read diagram <design_1> from BD file <D:/proyectosep2/IEE2463-SEP-Proyecto-2-Z8/project_1/project_1.srcs/sources_1/bd/design_1/design_1.bd>
report_ip_status -name ip_status 
upgrade_ip -vlnv xilinx.com:user:audio_reader:1.0 [get_ips  design_1_audio_reader_0_0] -log ip_upgrade.log
Upgrading 'D:/proyectosep2/IEE2463-SEP-Proyecto-2-Z8/project_1/project_1.srcs/sources_1/bd/design_1/design_1.bd'
INFO: [IP_Flow 19-3422] Upgraded design_1_audio_reader_0_0 (audio_reader_v1_0 1.0) from revision 8 to revision 9
Wrote  : <D:\proyectosep2\IEE2463-SEP-Proyecto-2-Z8\project_1\project_1.srcs\sources_1\bd\design_1\design_1.bd> 
INFO: [Coretcl 2-1525] Wrote upgrade log to 'D:/proyectosep2/IEE2463-SEP-Proyecto-2-Z8/project_1/ip_upgrade.log'.
export_ip_user_files -of_objects [get_ips design_1_audio_reader_0_0] -no_script -sync -force -quiet
report_ip_status -name ip_status 
reset_run synth_1
launch_runs impl_1 -to_step write_bitstream -jobs 6
WARNING: [BD 41-2180] Resetting the memory initialization file of </blk_mem_gen_0> to default.
INFO: [xilinx.com:ip:clk_wiz:6.0-1] /clk_wiz_0 clk_wiz propagate
Wrote  : <D:\proyectosep2\IEE2463-SEP-Proyecto-2-Z8\project_1\project_1.srcs\sources_1\bd\design_1\design_1.bd> 
VHDL Output written to : D:/proyectosep2/IEE2463-SEP-Proyecto-2-Z8/project_1/project_1.srcs/sources_1/bd/design_1/synth/design_1.vhd
VHDL Output written to : D:/proyectosep2/IEE2463-SEP-Proyecto-2-Z8/project_1/project_1.srcs/sources_1/bd/design_1/sim/design_1.vhd
VHDL Output written to : D:/proyectosep2/IEE2463-SEP-Proyecto-2-Z8/project_1/project_1.srcs/sources_1/bd/design_1/hdl/design_1_wrapper.vhd
INFO: [BD 41-1029] Generation completed for the IP Integrator block audio_reader_0 .
Exporting to file D:/proyectosep2/IEE2463-SEP-Proyecto-2-Z8/project_1/project_1.srcs/sources_1/bd/design_1/hw_handoff/design_1.hwh
Generated Block Design Tcl file D:/proyectosep2/IEE2463-SEP-Proyecto-2-Z8/project_1/project_1.srcs/sources_1/bd/design_1/hw_handoff/design_1_bd.tcl
Generated Hardware Definition File D:/proyectosep2/IEE2463-SEP-Proyecto-2-Z8/project_1/project_1.srcs/sources_1/bd/design_1/synth/design_1.hwdef
[Sat May 17 18:16:56 2025] Launched design_1_audio_reader_0_0_synth_1, synth_1...
Run output will be captured here:
design_1_audio_reader_0_0_synth_1: D:/proyectosep2/IEE2463-SEP-Proyecto-2-Z8/project_1/project_1.runs/design_1_audio_reader_0_0_synth_1/runme.log
synth_1: D:/proyectosep2/IEE2463-SEP-Proyecto-2-Z8/project_1/project_1.runs/synth_1/runme.log
[Sat May 17 18:16:56 2025] Launched impl_1...
Run output will be captured here: D:/proyectosep2/IEE2463-SEP-Proyecto-2-Z8/project_1/project_1.runs/impl_1/runme.log
launch_runs: Time (s): cpu = 00:00:03 ; elapsed = 00:00:06 . Memory (MB): peak = 1431.258 ; gain = 138.090
set_property pfm_name {} [get_files -all {D:/proyectosep2/IEE2463-SEP-Proyecto-2-Z8/project_1/project_1.srcs/sources_1/bd/design_1/design_1.bd}]
write_hw_platform -fixed -include_bit -force -file D:/proyectosep2/IEE2463-SEP-Proyecto-2-Z8/project_1/design_1_wrapper.xsa
INFO: [Vivado 12-4895] Creating Hardware Platform: D:/proyectosep2/IEE2463-SEP-Proyecto-2-Z8/project_1/design_1_wrapper.xsa ...
INFO: [Hsi 55-2053] elapsed time for repository (D:/Xilinx/Vivado/2020.1/data\embeddedsw) loading 0 seconds
WARNING: [Project 1-645] Board images not set in Hardware Platform.
INFO: [Vivado 12-4896] Successfully created Hardware Platform: D:/proyectosep2/IEE2463-SEP-Proyecto-2-Z8/project_1/design_1_wrapper.xsa
write_hw_platform: Time (s): cpu = 00:00:07 ; elapsed = 00:00:06 . Memory (MB): peak = 1477.973 ; gain = 46.715
INFO: [Vivado 12-8231] Launching Vitis
INFO: [Vivado 12-417] Running vitis
INFO: [Vivado 12-8232] Vitis launch initiated. Please check console for any further messages.
open_hw_manager
connect_hw_server -allow_non_jtag
INFO: [Labtools 27-2285] Connecting to hw_server url TCP:localhost:3121
INFO: [Labtools 27-2222] Launching hw_server...
INFO: [Labtools 27-2221] Launch Output:

****** Xilinx hw_server v2020.1
  **** Build date : May 27 2020 at 20:24:38
    ** Copyright 1986-2020 Xilinx, Inc. All Rights Reserved.


INFO: [Labtools 27-3415] Connecting to cs_server url TCP:localhost:3042
INFO: [Labtools 27-3417] Launching cs_server...
INFO: [Labtools 27-2221] Launch Output:


****** Xilinx cs_server v2020.1.0
  **** Build date : May 13 2020-21:10:29
    ** Copyright 2017-2020 Xilinx, Inc. All Rights Reserved.



connect_hw_server: Time (s): cpu = 00:00:01 ; elapsed = 00:00:06 . Memory (MB): peak = 1477.973 ; gain = 0.000
open_hw_target
INFO: [Labtoolstcl 44-466] Opening hw_target localhost:3121/xilinx_tcf/Digilent/210351B3FC8DA
set_property PROGRAM.FILE {D:/proyectosep2/IEE2463-SEP-Proyecto-2-Z8/project_1/project_1.runs/impl_1/design_1_wrapper.bit} [get_hw_devices xc7z010_1]
set_property PROBES.FILE {D:/proyectosep2/IEE2463-SEP-Proyecto-2-Z8/project_1/project_1.runs/impl_1/design_1_wrapper.ltx} [get_hw_devices xc7z010_1]
set_property FULL_PROBES.FILE {D:/proyectosep2/IEE2463-SEP-Proyecto-2-Z8/project_1/project_1.runs/impl_1/design_1_wrapper.ltx} [get_hw_devices xc7z010_1]
current_hw_device [get_hw_devices xc7z010_1]
refresh_hw_device [lindex [get_hw_devices xc7z010_1] 0]
INFO: [Labtools 27-2302] Device xc7z010 (JTAG device index = 1) is programmed with a design that has 1 ILA core(s).
INFO: [Labtools 27-2302] Device xc7z010 (JTAG device index = 1) is programmed with a design that has 1 VIO core(s).
WARNING: [Labtools 27-1952] VIO hw_probe OUTPUT_VALUE properties for hw_vio(s) [hw_vio_1] differ from output values in the VIO core(s).
Resolution: 
To synchronize the hw_probes properties and the VIO core outputs choose one of the following alternatives:
  1) Execute the command 'Commit Output Values to VIO Core', to write down the hw_probe values to the core.
  2) Execute the command 'Refresh Input and Output Values from VIO Core', to update the hw_probe properties with the core values.
  3) First restore initial values in the core with the command 'Reset VIO Core Outputs', and then execute the command 'Refresh Input and Output Values from VIO Core'.
display_hw_ila_data [ get_hw_ila_data hw_ila_data_1 -of_objects [get_hw_ilas -of_objects [get_hw_devices xc7z010_1] -filter {CELL_NAME=~"design_1_i/ila_0"}]]
set_property OUTPUT_VALUE 0 [get_hw_probes design_1_i/vio_0_probe_out0 -of_objects [get_hw_vios -of_objects [get_hw_devices xc7z010_1] -filter {CELL_NAME=~"design_1_i/vio_0"}]]
commit_hw_vio [get_hw_probes {design_1_i/vio_0_probe_out0} -of_objects [get_hw_vios -of_objects [get_hw_devices xc7z010_1] -filter {CELL_NAME=~"design_1_i/vio_0"}]]
run_hw_ila [get_hw_ilas -of_objects [get_hw_devices xc7z010_1] -filter {CELL_NAME=~"design_1_i/ila_0"}]
INFO: [Labtools 27-1964] The ILA core 'hw_ila_1' trigger was armed at 2025-May-17 18:29:35
wait_on_hw_ila [get_hw_ilas -of_objects [get_hw_devices xc7z010_1] -filter {CELL_NAME=~"design_1_i/ila_0"}]
display_hw_ila_data [upload_hw_ila_data [get_hw_ilas -of_objects [get_hw_devices xc7z010_1] -filter {CELL_NAME=~"design_1_i/ila_0"}]]
INFO: [Labtools 27-1966] The ILA core 'hw_ila_1' triggered at 2025-May-17 18:29:38
INFO: [Labtools 27-3304] ILA Waveform data saved to file D:/proyectosep2/IEE2463-SEP-Proyecto-2-Z8/project_1/project_1.hw/backup/hw_ila_data_1.ila. Use Tcl command 'read_hw_ila_data' or Vivado File->Import->Import ILA Data menu item to import the previously saved data.
set_property OUTPUT_VALUE 1 [get_hw_probes design_1_i/vio_0_probe_out0 -of_objects [get_hw_vios -of_objects [get_hw_devices xc7z010_1] -filter {CELL_NAME=~"design_1_i/vio_0"}]]
commit_hw_vio [get_hw_probes {design_1_i/vio_0_probe_out0} -of_objects [get_hw_vios -of_objects [get_hw_devices xc7z010_1] -filter {CELL_NAME=~"design_1_i/vio_0"}]]
run_hw_ila [get_hw_ilas -of_objects [get_hw_devices xc7z010_1] -filter {CELL_NAME=~"design_1_i/ila_0"}]
INFO: [Labtools 27-1964] The ILA core 'hw_ila_1' trigger was armed at 2025-May-17 18:30:12
wait_on_hw_ila [get_hw_ilas -of_objects [get_hw_devices xc7z010_1] -filter {CELL_NAME=~"design_1_i/ila_0"}]
display_hw_ila_data [upload_hw_ila_data [get_hw_ilas -of_objects [get_hw_devices xc7z010_1] -filter {CELL_NAME=~"design_1_i/ila_0"}]]
INFO: [Labtools 27-1966] The ILA core 'hw_ila_1' triggered at 2025-May-17 18:30:16
INFO: [Labtools 27-3304] ILA Waveform data saved to file D:/proyectosep2/IEE2463-SEP-Proyecto-2-Z8/project_1/project_1.hw/backup/hw_ila_data_1.ila. Use Tcl command 'read_hw_ila_data' or Vivado File->Import->Import ILA Data menu item to import the previously saved data.
set_property OUTPUT_VALUE 7 [get_hw_probes design_1_i/vio_0_probe_out0 -of_objects [get_hw_vios -of_objects [get_hw_devices xc7z010_1] -filter {CELL_NAME=~"design_1_i/vio_0"}]]
commit_hw_vio [get_hw_probes {design_1_i/vio_0_probe_out0} -of_objects [get_hw_vios -of_objects [get_hw_devices xc7z010_1] -filter {CELL_NAME=~"design_1_i/vio_0"}]]
run_hw_ila [get_hw_ilas -of_objects [get_hw_devices xc7z010_1] -filter {CELL_NAME=~"design_1_i/ila_0"}]
INFO: [Labtools 27-1964] The ILA core 'hw_ila_1' trigger was armed at 2025-May-17 18:30:30
wait_on_hw_ila [get_hw_ilas -of_objects [get_hw_devices xc7z010_1] -filter {CELL_NAME=~"design_1_i/ila_0"}]
display_hw_ila_data [upload_hw_ila_data [get_hw_ilas -of_objects [get_hw_devices xc7z010_1] -filter {CELL_NAME=~"design_1_i/ila_0"}]]
INFO: [Labtools 27-1966] The ILA core 'hw_ila_1' triggered at 2025-May-17 18:30:33
INFO: [Labtools 27-3304] ILA Waveform data saved to file D:/proyectosep2/IEE2463-SEP-Proyecto-2-Z8/project_1/project_1.hw/backup/hw_ila_data_1.ila. Use Tcl command 'read_hw_ila_data' or Vivado File->Import->Import ILA Data menu item to import the previously saved data.
set_property CONTROL.TRIGGER_POSITION 1023 [get_hw_ilas -of_objects [get_hw_devices xc7z010_1] -filter {CELL_NAME=~"design_1_i/ila_0"}]
run_hw_ila [get_hw_ilas -of_objects [get_hw_devices xc7z010_1] -filter {CELL_NAME=~"design_1_i/ila_0"}]
INFO: [Labtools 27-1964] The ILA core 'hw_ila_1' trigger was armed at 2025-May-17 18:31:32
wait_on_hw_ila [get_hw_ilas -of_objects [get_hw_devices xc7z010_1] -filter {CELL_NAME=~"design_1_i/ila_0"}]
display_hw_ila_data [upload_hw_ila_data [get_hw_ilas -of_objects [get_hw_devices xc7z010_1] -filter {CELL_NAME=~"design_1_i/ila_0"}]]
INFO: [Labtools 27-1966] The ILA core 'hw_ila_1' triggered at 2025-May-17 18:31:33
INFO: [Labtools 27-3304] ILA Waveform data saved to file D:/proyectosep2/IEE2463-SEP-Proyecto-2-Z8/project_1/project_1.hw/backup/hw_ila_data_1.ila. Use Tcl command 'read_hw_ila_data' or Vivado File->Import->Import ILA Data menu item to import the previously saved data.
set_property OUTPUT_VALUE 2 [get_hw_probes design_1_i/vio_0_probe_out0 -of_objects [get_hw_vios -of_objects [get_hw_devices xc7z010_1] -filter {CELL_NAME=~"design_1_i/vio_0"}]]
commit_hw_vio [get_hw_probes {design_1_i/vio_0_probe_out0} -of_objects [get_hw_vios -of_objects [get_hw_devices xc7z010_1] -filter {CELL_NAME=~"design_1_i/vio_0"}]]
set_property OUTPUT_VALUE 3 [get_hw_probes design_1_i/vio_0_probe_out0 -of_objects [get_hw_vios -of_objects [get_hw_devices xc7z010_1] -filter {CELL_NAME=~"design_1_i/vio_0"}]]
commit_hw_vio [get_hw_probes {design_1_i/vio_0_probe_out0} -of_objects [get_hw_vios -of_objects [get_hw_devices xc7z010_1] -filter {CELL_NAME=~"design_1_i/vio_0"}]]
set_property OUTPUT_VALUE 4 [get_hw_probes design_1_i/vio_0_probe_out0 -of_objects [get_hw_vios -of_objects [get_hw_devices xc7z010_1] -filter {CELL_NAME=~"design_1_i/vio_0"}]]
commit_hw_vio [get_hw_probes {design_1_i/vio_0_probe_out0} -of_objects [get_hw_vios -of_objects [get_hw_devices xc7z010_1] -filter {CELL_NAME=~"design_1_i/vio_0"}]]
set_property OUTPUT_VALUE 5 [get_hw_probes design_1_i/vio_0_probe_out0 -of_objects [get_hw_vios -of_objects [get_hw_devices xc7z010_1] -filter {CELL_NAME=~"design_1_i/vio_0"}]]
commit_hw_vio [get_hw_probes {design_1_i/vio_0_probe_out0} -of_objects [get_hw_vios -of_objects [get_hw_devices xc7z010_1] -filter {CELL_NAME=~"design_1_i/vio_0"}]]
save_wave_config {D:/proyectosep2/IEE2463-SEP-Proyecto-2-Z8/project_1/project_1.hw/hw_1/wave/hw_ila_data_1/hw_ila_data_1.wcfg}
exit
INFO: [Common 17-206] Exiting Vivado at Sat May 17 18:34:49 2025...
