
*** Running vivado
    with args -log design_1_audio_reader_0_0.vds -m64 -product Vivado -mode batch -messageDb vivado.pb -notrace -source design_1_audio_reader_0_0.tcl



****** Vivado v2020.1 (64-bit)
  **** SW Build 2902540 on Wed May 27 19:54:49 MDT 2020
  **** IP Build 2902112 on Wed May 27 22:43:36 MDT 2020
    ** Copyright 1986-2020 Xilinx, Inc. All Rights Reserved.

source design_1_audio_reader_0_0.tcl -notrace
INFO: [IP_Flow 19-234] Refreshing IP repositories
INFO: [IP_Flow 19-1700] Loaded user IP repository 'd:/proyectosep2/IEE2463-SEP-Proyecto-2-Z8/project_1'.
WARNING: [IP_Flow 19-3656] If you move the project, the path for repository 'd:/proyectosep2/IEE2463-SEP-Proyecto-2-Z8/project_1' may become invalid. A better location for the repository would be in a path adjacent to the project. (Current project location is 'd:/proyectosep2/IEE2463-SEP-Proyecto-2-Z8/project_1/project_1.runs/design_1_audio_reader_0_0_synth_1'.)
INFO: [IP_Flow 19-2313] Loaded Vivado IP repository 'D:/Xilinx/Vivado/2020.1/data/ip'.
Command: synth_design -top design_1_audio_reader_0_0 -part xc7z010clg400-1 -mode out_of_context
Starting synth_design
Attempting to get a license for feature 'Synthesis' and/or device 'xc7z010'
INFO: [Common 17-349] Got license for feature 'Synthesis' and/or device 'xc7z010'
INFO: [Device 21-403] Loading part xc7z010clg400-1
INFO: [Synth 8-7079] Multithreading enabled for synth_design using a maximum of 2 processes.
INFO: [Synth 8-7078] Launching helper process for spawning children vivado processes
INFO: [Synth 8-7075] Helper process launched with PID 20476
---------------------------------------------------------------------------------
Starting RTL Elaboration : Time (s): cpu = 00:00:05 ; elapsed = 00:00:05 . Memory (MB): peak = 1074.570 ; gain = 0.000
---------------------------------------------------------------------------------
INFO: [Synth 8-638] synthesizing module 'design_1_audio_reader_0_0' [d:/proyectosep2/IEE2463-SEP-Proyecto-2-Z8/project_1/project_1.srcs/sources_1/bd/design_1/ip/design_1_audio_reader_0_0/synth/design_1_audio_reader_0_0.vhd:72]
INFO: [Synth 8-3491] module 'audio_reader' declared at 'd:/proyectosep2/IEE2463-SEP-Proyecto-2-Z8/project_1/project_1.srcs/sources_1/bd/design_1/ipshared/3800/project_1.srcs/sources_1/new/audio_reader.vhd:37' bound to instance 'U0' of component 'audio_reader' [d:/proyectosep2/IEE2463-SEP-Proyecto-2-Z8/project_1/project_1.srcs/sources_1/bd/design_1/ip/design_1_audio_reader_0_0/synth/design_1_audio_reader_0_0.vhd:103]
INFO: [Synth 8-638] synthesizing module 'audio_reader' [d:/proyectosep2/IEE2463-SEP-Proyecto-2-Z8/project_1/project_1.srcs/sources_1/bd/design_1/ipshared/3800/project_1.srcs/sources_1/new/audio_reader.vhd:53]
INFO: [Synth 8-3491] module 'proportional_pwm' declared at 'd:/proyectosep2/IEE2463-SEP-Proyecto-2-Z8/project_1/project_1.srcs/sources_1/bd/design_1/ipshared/3800/project_1.srcs/sources_1/new/pwm.vhd:36' bound to instance 'pwm' of component 'proportional_pwm' [d:/proyectosep2/IEE2463-SEP-Proyecto-2-Z8/project_1/project_1.srcs/sources_1/bd/design_1/ipshared/3800/project_1.srcs/sources_1/new/audio_reader.vhd:75]
INFO: [Synth 8-638] synthesizing module 'proportional_pwm' [d:/proyectosep2/IEE2463-SEP-Proyecto-2-Z8/project_1/project_1.srcs/sources_1/bd/design_1/ipshared/3800/project_1.srcs/sources_1/new/pwm.vhd:44]
INFO: [Synth 8-256] done synthesizing module 'proportional_pwm' (1#1) [d:/proyectosep2/IEE2463-SEP-Proyecto-2-Z8/project_1/project_1.srcs/sources_1/bd/design_1/ipshared/3800/project_1.srcs/sources_1/new/pwm.vhd:44]
INFO: [Synth 8-226] default block is never used [d:/proyectosep2/IEE2463-SEP-Proyecto-2-Z8/project_1/project_1.srcs/sources_1/bd/design_1/ipshared/3800/project_1.srcs/sources_1/new/audio_reader.vhd:97]
INFO: [Synth 8-256] done synthesizing module 'audio_reader' (2#1) [d:/proyectosep2/IEE2463-SEP-Proyecto-2-Z8/project_1/project_1.srcs/sources_1/bd/design_1/ipshared/3800/project_1.srcs/sources_1/new/audio_reader.vhd:53]
INFO: [Synth 8-256] done synthesizing module 'design_1_audio_reader_0_0' (3#1) [d:/proyectosep2/IEE2463-SEP-Proyecto-2-Z8/project_1/project_1.srcs/sources_1/bd/design_1/ip/design_1_audio_reader_0_0/synth/design_1_audio_reader_0_0.vhd:72]
---------------------------------------------------------------------------------
Finished RTL Elaboration : Time (s): cpu = 00:00:06 ; elapsed = 00:00:06 . Memory (MB): peak = 1125.898 ; gain = 51.328
---------------------------------------------------------------------------------
---------------------------------------------------------------------------------
Start Handling Custom Attributes
---------------------------------------------------------------------------------
---------------------------------------------------------------------------------
Finished Handling Custom Attributes : Time (s): cpu = 00:00:07 ; elapsed = 00:00:07 . Memory (MB): peak = 1125.898 ; gain = 51.328
---------------------------------------------------------------------------------
---------------------------------------------------------------------------------
Finished RTL Optimization Phase 1 : Time (s): cpu = 00:00:07 ; elapsed = 00:00:07 . Memory (MB): peak = 1125.898 ; gain = 51.328
---------------------------------------------------------------------------------
Netlist sorting complete. Time (s): cpu = 00:00:00 ; elapsed = 00:00:00.002 . Memory (MB): peak = 1125.898 ; gain = 0.000
INFO: [Project 1-570] Preparing netlist for logic optimization

Processing XDC Constraints
Initializing timing engine
Completed Processing XDC Constraints

Netlist sorting complete. Time (s): cpu = 00:00:00 ; elapsed = 00:00:00 . Memory (MB): peak = 1218.520 ; gain = 0.000
INFO: [Project 1-111] Unisim Transformation Summary:
No Unisim elements were transformed.

Constraint Validation Runtime : Time (s): cpu = 00:00:00 ; elapsed = 00:00:00.023 . Memory (MB): peak = 1218.520 ; gain = 0.000
---------------------------------------------------------------------------------
Finished Constraint Validation : Time (s): cpu = 00:00:13 ; elapsed = 00:00:13 . Memory (MB): peak = 1218.520 ; gain = 143.949
---------------------------------------------------------------------------------
---------------------------------------------------------------------------------
Start Loading Part and Timing Information
---------------------------------------------------------------------------------
Loading part: xc7z010clg400-1
---------------------------------------------------------------------------------
Finished Loading Part and Timing Information : Time (s): cpu = 00:00:13 ; elapsed = 00:00:13 . Memory (MB): peak = 1218.520 ; gain = 143.949
---------------------------------------------------------------------------------
---------------------------------------------------------------------------------
Start Applying 'set_property' XDC Constraints
---------------------------------------------------------------------------------
---------------------------------------------------------------------------------
Finished applying 'set_property' XDC Constraints : Time (s): cpu = 00:00:13 ; elapsed = 00:00:13 . Memory (MB): peak = 1218.520 ; gain = 143.949
---------------------------------------------------------------------------------
INFO: [Synth 8-802] inferred FSM for state register 'state_reg' in module 'audio_reader'
---------------------------------------------------------------------------------------------------
                   State |                     New Encoding |                Previous Encoding 
---------------------------------------------------------------------------------------------------
                  s_idle |                             0001 |                               00
                 s_begin |                             0010 |                               01
                  s_play |                             0100 |                               10
                  s_stop |                             1000 |                               11
---------------------------------------------------------------------------------------------------
INFO: [Synth 8-3354] encoded FSM with state register 'state_reg' using encoding 'one-hot' in module 'audio_reader'
---------------------------------------------------------------------------------
Finished RTL Optimization Phase 2 : Time (s): cpu = 00:00:13 ; elapsed = 00:00:14 . Memory (MB): peak = 1218.520 ; gain = 143.949
---------------------------------------------------------------------------------
---------------------------------------------------------------------------------
Start RTL Component Statistics 
---------------------------------------------------------------------------------
Detailed RTL Component Info : 
+---Adders : 
	   2 Input    8 Bit       Adders := 2     
+---Registers : 
	                8 Bit    Registers := 3     
	                1 Bit    Registers := 4     
+---Muxes : 
	   2 Input   23 Bit        Muxes := 1     
	   6 Input   13 Bit        Muxes := 1     
	   2 Input    8 Bit        Muxes := 1     
	   4 Input    4 Bit        Muxes := 1     
	   2 Input    4 Bit        Muxes := 2     
	   2 Input    1 Bit        Muxes := 1     
	   4 Input    1 Bit        Muxes := 3     
	   3 Input    1 Bit        Muxes := 3     
---------------------------------------------------------------------------------
Finished RTL Component Statistics 
---------------------------------------------------------------------------------
---------------------------------------------------------------------------------
Start Part Resource Summary
---------------------------------------------------------------------------------
Part Resources:
DSPs: 80 (col length:40)
BRAMs: 120 (col length: RAMB18 40 RAMB36 20)
---------------------------------------------------------------------------------
Finished Part Resource Summary
---------------------------------------------------------------------------------
---------------------------------------------------------------------------------
Start Cross Boundary and Area Optimization
---------------------------------------------------------------------------------
---------------------------------------------------------------------------------
Finished Cross Boundary and Area Optimization : Time (s): cpu = 00:00:15 ; elapsed = 00:00:16 . Memory (MB): peak = 1218.520 ; gain = 143.949
---------------------------------------------------------------------------------
---------------------------------------------------------------------------------
Start Applying XDC Timing Constraints
---------------------------------------------------------------------------------
---------------------------------------------------------------------------------
Finished Applying XDC Timing Constraints : Time (s): cpu = 00:00:24 ; elapsed = 00:00:25 . Memory (MB): peak = 1218.520 ; gain = 143.949
---------------------------------------------------------------------------------
---------------------------------------------------------------------------------
Start Timing Optimization
---------------------------------------------------------------------------------
---------------------------------------------------------------------------------
Finished Timing Optimization : Time (s): cpu = 00:00:24 ; elapsed = 00:00:25 . Memory (MB): peak = 1218.520 ; gain = 143.949
---------------------------------------------------------------------------------
---------------------------------------------------------------------------------
Start Technology Mapping
---------------------------------------------------------------------------------
---------------------------------------------------------------------------------
Finished Technology Mapping : Time (s): cpu = 00:00:24 ; elapsed = 00:00:25 . Memory (MB): peak = 1244.895 ; gain = 170.324
---------------------------------------------------------------------------------
---------------------------------------------------------------------------------
Start IO Insertion
---------------------------------------------------------------------------------
---------------------------------------------------------------------------------
Start Flattening Before IO Insertion
---------------------------------------------------------------------------------
---------------------------------------------------------------------------------
Finished Flattening Before IO Insertion
---------------------------------------------------------------------------------
---------------------------------------------------------------------------------
Start Final Netlist Cleanup
---------------------------------------------------------------------------------
---------------------------------------------------------------------------------
Finished Final Netlist Cleanup
---------------------------------------------------------------------------------
---------------------------------------------------------------------------------
Finished IO Insertion : Time (s): cpu = 00:00:28 ; elapsed = 00:00:29 . Memory (MB): peak = 1244.895 ; gain = 170.324
---------------------------------------------------------------------------------
---------------------------------------------------------------------------------
Start Renaming Generated Instances
---------------------------------------------------------------------------------
---------------------------------------------------------------------------------
Finished Renaming Generated Instances : Time (s): cpu = 00:00:28 ; elapsed = 00:00:29 . Memory (MB): peak = 1244.895 ; gain = 170.324
---------------------------------------------------------------------------------
---------------------------------------------------------------------------------
Start Rebuilding User Hierarchy
---------------------------------------------------------------------------------
---------------------------------------------------------------------------------
Finished Rebuilding User Hierarchy : Time (s): cpu = 00:00:28 ; elapsed = 00:00:29 . Memory (MB): peak = 1244.895 ; gain = 170.324
---------------------------------------------------------------------------------
---------------------------------------------------------------------------------
Start Renaming Generated Ports
---------------------------------------------------------------------------------
---------------------------------------------------------------------------------
Finished Renaming Generated Ports : Time (s): cpu = 00:00:28 ; elapsed = 00:00:29 . Memory (MB): peak = 1244.895 ; gain = 170.324
---------------------------------------------------------------------------------
---------------------------------------------------------------------------------
Start Handling Custom Attributes
---------------------------------------------------------------------------------
---------------------------------------------------------------------------------
Finished Handling Custom Attributes : Time (s): cpu = 00:00:28 ; elapsed = 00:00:29 . Memory (MB): peak = 1244.895 ; gain = 170.324
---------------------------------------------------------------------------------
---------------------------------------------------------------------------------
Start Renaming Generated Nets
---------------------------------------------------------------------------------
---------------------------------------------------------------------------------
Finished Renaming Generated Nets : Time (s): cpu = 00:00:28 ; elapsed = 00:00:29 . Memory (MB): peak = 1244.895 ; gain = 170.324
---------------------------------------------------------------------------------
---------------------------------------------------------------------------------
Start Writing Synthesis Report
---------------------------------------------------------------------------------

Report BlackBoxes: 
+-+--------------+----------+
| |BlackBox name |Instances |
+-+--------------+----------+
+-+--------------+----------+

Report Cell Usage: 
+------+-------+------+
|      |Cell   |Count |
+------+-------+------+
|1     |CARRY4 |    10|
|2     |LUT1   |     2|
|3     |LUT2   |    38|
|4     |LUT3   |    11|
|5     |LUT4   |    19|
|6     |LUT5   |    16|
|7     |LUT6   |    12|
|8     |FDRE   |    54|
+------+-------+------+
---------------------------------------------------------------------------------
Finished Writing Synthesis Report : Time (s): cpu = 00:00:28 ; elapsed = 00:00:29 . Memory (MB): peak = 1244.895 ; gain = 170.324
---------------------------------------------------------------------------------
Synthesis finished with 0 errors, 0 critical warnings and 0 warnings.
Synthesis Optimization Runtime : Time (s): cpu = 00:00:20 ; elapsed = 00:00:28 . Memory (MB): peak = 1244.895 ; gain = 77.703
Synthesis Optimization Complete : Time (s): cpu = 00:00:28 ; elapsed = 00:00:30 . Memory (MB): peak = 1244.895 ; gain = 170.324
INFO: [Project 1-571] Translating synthesized netlist
Netlist sorting complete. Time (s): cpu = 00:00:00 ; elapsed = 00:00:00.002 . Memory (MB): peak = 1254.730 ; gain = 0.000
INFO: [Netlist 29-17] Analyzing 10 Unisim elements for replacement
INFO: [Netlist 29-28] Unisim Transformation completed in 0 CPU seconds
INFO: [Project 1-570] Preparing netlist for logic optimization
INFO: [Opt 31-138] Pushed 0 inverter(s) to 0 load pin(s).
Netlist sorting complete. Time (s): cpu = 00:00:00 ; elapsed = 00:00:00 . Memory (MB): peak = 1255.738 ; gain = 0.000
INFO: [Project 1-111] Unisim Transformation Summary:
No Unisim elements were transformed.

INFO: [Common 17-83] Releasing license: Synthesis
28 Infos, 1 Warnings, 0 Critical Warnings and 0 Errors encountered.
synth_design completed successfully
synth_design: Time (s): cpu = 00:00:33 ; elapsed = 00:00:36 . Memory (MB): peak = 1255.738 ; gain = 181.168
INFO: [Common 17-1381] The checkpoint 'D:/proyectosep2/IEE2463-SEP-Proyecto-2-Z8/project_1/project_1.runs/design_1_audio_reader_0_0_synth_1/design_1_audio_reader_0_0.dcp' has been generated.
WARNING: [Common 17-576] 'use_project_ipc' is deprecated. This option is deprecated and no longer used.
INFO: [Coretcl 2-1648] Added synthesis output to IP cache for IP design_1_audio_reader_0_0, cache-ID = 9229f62d5e2d4368
INFO: [Coretcl 2-1174] Renamed 2 cell refs.
INFO: [Common 17-1381] The checkpoint 'D:/proyectosep2/IEE2463-SEP-Proyecto-2-Z8/project_1/project_1.runs/design_1_audio_reader_0_0_synth_1/design_1_audio_reader_0_0.dcp' has been generated.
INFO: [runtcl-4] Executing : report_utilization -file design_1_audio_reader_0_0_utilization_synth.rpt -pb design_1_audio_reader_0_0_utilization_synth.pb
INFO: [Common 17-206] Exiting Vivado at Sat May 17 18:45:33 2025...
